TN:
SF:contracts/extensions/EIP3009.sol
DA:39,0
FN:39,EIP3009.authorizationState
FNDA:0,EIP3009.authorizationState
DA:40,0
DA:56,0
FN:56,EIP3009._transferWithAuthorization
FNDA:0,EIP3009._transferWithAuthorization
DA:67,0
DA:96,1
FN:96,EIP3009._receiveWithAuthorization
FNDA:1,EIP3009._receiveWithAuthorization
DA:108,1
BRDA:108,0,0,-
DA:110,1
DA:132,0
FN:132,EIP3009._cancelAuthorization
FNDA:0,EIP3009._cancelAuthorization
DA:133,0
BRDA:133,1,0,-
DA:134,0
DA:140,0
DA:141,0
DA:144,1
FN:144,EIP3009._transferWithAuthorization
FNDA:1,EIP3009._transferWithAuthorization
DA:156,1
BRDA:156,2,0,-
DA:157,1
BRDA:157,3,0,-
DA:158,0
BRDA:158,4,0,-
DA:161,1
DA:163,1
DA:169,1
DA:171,1
DA:180,1
FN:180,EIP3009._requireValidSignature
FNDA:1,EIP3009._requireValidSignature
DA:181,1
BRDA:181,5,0,-
FNF:6
FNH:3
LF:22
LH:12
BRF:6
BRH:0
end_of_record
TN:
SF:contracts/wXTM.sol
DA:13,19
FN:13,wXTM.constructor
FNDA:19,wXTM.constructor
DA:14,0
DA:17,19
FN:17,wXTM.initialize
FNDA:19,wXTM.initialize
DA:23,19
DA:24,19
DA:25,19
DA:26,0
DA:28,19
DA:31,19
FN:31,wXTM.mint
FNDA:19,wXTM.mint
DA:32,18
DA:35,4
FN:35,wXTM.burn
FNDA:4,wXTM.burn
DA:36,4
BRDA:36,0,0,2
DA:38,2
DA:41,1
FN:41,wXTM.receiveWithAuthorization
FNDA:1,wXTM.receiveWithAuthorization
DA:52,1
DA:55,0
FN:55,wXTM.transferWithAuthorization
FNDA:0,wXTM.transferWithAuthorization
DA:66,0
DA:69,0
FN:69,wXTM.cancelAuthorization
FNDA:0,wXTM.cancelAuthorization
DA:70,0
FNF:7
FNH:5
LF:19
LH:13
BRF:1
BRH:1
end_of_record
TN:
SF:contracts/wXTMBridge.sol
DA:16,3
FN:16,wXTMBridge.constructor
FNDA:3,wXTMBridge.constructor
DA:17,3
DA:20,2
FN:20,wXTMBridge.bridgeToTari
FNDA:2,wXTMBridge.bridgeToTari
DA:21,2
DA:23,2
DA:25,1
DA:28,1
FN:28,wXTMBridge.bridgeToTariWithAuthorization
FNDA:1,wXTMBridge.bridgeToTariWithAuthorization
DA:38,1
DA:40,1
DA:42,1
FNF:3
FNH:3
LF:10
LH:10
BRF:0
BRH:0
end_of_record
TN:
SF:contracts/wXTMController.sol
DA:17,18
FN:17,wXTMController.constructor
FNDA:18,wXTMController.constructor
DA:18,0
DA:21,18
FN:21,wXTMController.initialize
FNDA:18,wXTMController.initialize
DA:22,0
DA:24,18
DA:25,18
DA:26,18
DA:28,18
DA:31,3
FN:31,wXTMController.mintLowAmount
FNDA:3,wXTMController.mintLowAmount
DA:32,2
BRDA:32,0,0,1
DA:34,1
DA:37,3
FN:37,wXTMController.mintHighAmount
FNDA:3,wXTMController.mintHighAmount
DA:38,2
FNF:4
FNH:4
LF:13
LH:11
BRF:1
BRH:1
end_of_record
TN:
SF:test/mocks/ERC20Mock.sol
DA:9,0
FN:9,ERC20Mock.mint
FNDA:0,ERC20Mock.mint
DA:10,0
FNF:1
FNH:0
LF:2
LH:0
BRF:0
BRH:0
end_of_record
TN:
SF:test/mocks/OFTComposerMock.sol
DA:14,1
FN:14,OFTComposerMock.lzCompose
FNDA:1,OFTComposerMock.lzCompose
DA:21,1
DA:22,1
DA:23,1
DA:24,1
DA:25,1
FNF:1
FNH:1
LF:6
LH:6
BRF:0
BRH:0
end_of_record
